  常用集合的各种操作.cpp
C:\Users\ymh\source\repos\常用集合的各种操作\常用集合的各种操作\常用集合的各种操作.cpp(268,19): warning C4267: “初始化”: 从“size_t”转换到“int”，可能丢失数据
  C:\Users\ymh\source\repos\常用集合的各种操作\常用集合的各种操作\常用集合的各种操作.cpp(268,19):
  模板实例化上下文(最早的实例化上下文)为
  	C:\Users\ymh\source\repos\常用集合的各种操作\常用集合的各种操作\常用集合的各种操作.cpp(294,21):
  	查看对正在编译的 类 模板 实例化“SetManager<int>”的引用
  	C:\Users\ymh\source\repos\常用集合的各种操作\常用集合的各种操作\常用集合的各种操作.cpp(262,23):
  	在编译 类 模板 成员函数“std::vector<std::vector<T,std::allocator<int>>,std::allocator<std::vector<T,std::allocator<int>>>> SetManager<T>::combinations(const std::string &,int)”时
          with
          [
              T=int
          ]
  		C:\Users\ymh\source\repos\常用集合的各种操作\常用集合的各种操作\常用集合的各种操作.cpp(472,40):
  		请参阅 "main" 中对 "SetManager<int>::combinations" 的第一个引用
  
C:\Users\ymh\source\repos\常用集合的各种操作\常用集合的各种操作\常用集合的各种操作.cpp(223,19): warning C4267: “初始化”: 从“size_t”转换到“int”，可能丢失数据
  C:\Users\ymh\source\repos\常用集合的各种操作\常用集合的各种操作\常用集合的各种操作.cpp(223,19):
  模板实例化上下文(最早的实例化上下文)为
  	C:\Users\ymh\source\repos\常用集合的各种操作\常用集合的各种操作\常用集合的各种操作.cpp(217,17):
  	在编译 类 模板 成员函数“std::set<std::set<int,std::less<int>,std::allocator<int>>,std::less<std::set<int,std::less<int>,std::allocator<int>>>,std::allocator<std::set<int,std::less<int>,std::allocator<int>>>> SetManager<int>::powerSet(const std::string &)”时
  		C:\Users\ymh\source\repos\常用集合的各种操作\常用集合的各种操作\常用集合的各种操作.cpp(443,36):
  		请参阅 "main" 中对 "SetManager<int>::powerSet" 的第一个引用
  
C:\Users\ymh\source\repos\常用集合的各种操作\常用集合的各种操作\常用集合的各种操作.cpp(165,35): warning C4267: “return”: 从“size_t”转换到“int”，可能丢失数据
  C:\Users\ymh\source\repos\常用集合的各种操作\常用集合的各种操作\常用集合的各种操作.cpp(165,35):
  模板实例化上下文(最早的实例化上下文)为
  	C:\Users\ymh\source\repos\常用集合的各种操作\常用集合的各种操作\常用集合的各种操作.cpp(162,9):
  	在编译 类 模板 成员函数“int SetManager<int>::getSetSize(const std::string &) const”时
  		C:\Users\ymh\source\repos\常用集合的各种操作\常用集合的各种操作\常用集合的各种操作.cpp(421,25):
  		请参阅 "main" 中对 "SetManager<int>::getSetSize" 的第一个引用
  
  常用集合的各种操作.vcxproj -> C:\Users\ymh\source\repos\常用集合的各种操作\x64\Debug\常用集合的各种操作.exe
